  소스.cpp
c:\users\김영우\desktop\알고리즘 스터디\crawling\crawling\소스.cpp(9): warning C4996: 'fopen': This function or variable may be unsafe. Consider using fopen_s instead. To disable deprecation, use _CRT_SECURE_NO_WARNINGS. See online help for details.
  c:\program files (x86)\windows kits\10\include\10.0.10240.0\ucrt\stdio.h(205): note: 'fopen' 선언을 참조하십시오.
c:\users\김영우\desktop\알고리즘 스터디\crawling\crawling\소스.cpp(10): warning C4996: 'fopen': This function or variable may be unsafe. Consider using fopen_s instead. To disable deprecation, use _CRT_SECURE_NO_WARNINGS. See online help for details.
  c:\program files (x86)\windows kits\10\include\10.0.10240.0\ucrt\stdio.h(205): note: 'fopen' 선언을 참조하십시오.
c:\users\김영우\desktop\알고리즘 스터디\crawling\crawling\소스.cpp(26): warning C4996: 'strtok': This function or variable may be unsafe. Consider using strtok_s instead. To disable deprecation, use _CRT_SECURE_NO_WARNINGS. See online help for details.
  c:\program files (x86)\windows kits\10\include\10.0.10240.0\ucrt\string.h(453): note: 'strtok' 선언을 참조하십시오.
c:\users\김영우\desktop\알고리즘 스터디\crawling\crawling\소스.cpp(28): warning C4996: 'strtok': This function or variable may be unsafe. Consider using strtok_s instead. To disable deprecation, use _CRT_SECURE_NO_WARNINGS. See online help for details.
  c:\program files (x86)\windows kits\10\include\10.0.10240.0\ucrt\string.h(453): note: 'strtok' 선언을 참조하십시오.
c:\users\김영우\desktop\알고리즘 스터디\crawling\crawling\소스.cpp(37): warning C4996: 'strtok': This function or variable may be unsafe. Consider using strtok_s instead. To disable deprecation, use _CRT_SECURE_NO_WARNINGS. See online help for details.
  c:\program files (x86)\windows kits\10\include\10.0.10240.0\ucrt\string.h(453): note: 'strtok' 선언을 참조하십시오.
c:\users\김영우\desktop\알고리즘 스터디\crawling\crawling\소스.cpp(38): warning C4996: 'strtok': This function or variable may be unsafe. Consider using strtok_s instead. To disable deprecation, use _CRT_SECURE_NO_WARNINGS. See online help for details.
  c:\program files (x86)\windows kits\10\include\10.0.10240.0\ucrt\string.h(453): note: 'strtok' 선언을 참조하십시오.
c:\users\김영우\desktop\알고리즘 스터디\crawling\crawling\소스.cpp(39): warning C4996: 'strtok': This function or variable may be unsafe. Consider using strtok_s instead. To disable deprecation, use _CRT_SECURE_NO_WARNINGS. See online help for details.
  c:\program files (x86)\windows kits\10\include\10.0.10240.0\ucrt\string.h(453): note: 'strtok' 선언을 참조하십시오.
c:\users\김영우\desktop\알고리즘 스터디\crawling\crawling\소스.cpp(43): warning C4996: 'strtok': This function or variable may be unsafe. Consider using strtok_s instead. To disable deprecation, use _CRT_SECURE_NO_WARNINGS. See online help for details.
  c:\program files (x86)\windows kits\10\include\10.0.10240.0\ucrt\string.h(453): note: 'strtok' 선언을 참조하십시오.
c:\users\김영우\desktop\알고리즘 스터디\crawling\crawling\소스.cpp(44): warning C4996: 'strtok': This function or variable may be unsafe. Consider using strtok_s instead. To disable deprecation, use _CRT_SECURE_NO_WARNINGS. See online help for details.
  c:\program files (x86)\windows kits\10\include\10.0.10240.0\ucrt\string.h(453): note: 'strtok' 선언을 참조하십시오.
c:\users\김영우\desktop\알고리즘 스터디\crawling\crawling\소스.cpp(48): warning C4996: 'strtok': This function or variable may be unsafe. Consider using strtok_s instead. To disable deprecation, use _CRT_SECURE_NO_WARNINGS. See online help for details.
  c:\program files (x86)\windows kits\10\include\10.0.10240.0\ucrt\string.h(453): note: 'strtok' 선언을 참조하십시오.
  Crawling.vcxproj -> C:\Users\김영우\Desktop\알고리즘 스터디\Crawling\Debug\Crawling.exe
